<?xml version="1.0" encoding="UTF-8"?>
<!-- Generated by org.testng.reporters.JUnitXMLReporter -->
<testsuite ignored="0" hostname="DESKTOP-IRSR8MK" failures="0" tests="3" name="Test3" time="11.955" errors="0" timestamp="2025-08-22T17:24:43 IST">
  <testcase classname="com.ePRIME.TestScripts.SampleRun" name="@BeforeTest setup" time="0.035">
    <failure type="java.lang.IllegalArgumentException" message="❌ Undefined Browser Setup: &amp;apos;uc&amp;apos;. Please check browser configuration...">
      <![CDATA[java.lang.IllegalArgumentException: ❌ Undefined Browser Setup: 'uc'. Please check browser configuration...
at com.ePRIME.TestBase.BaseClass.setDriver(BaseClass.java:41)
at com.ePRIME.TestScripts.SampleRun.setup(SampleRun.java:20)
at java.base/java.util.concurrent.FutureTask.run(FutureTask.java:317)
at java.base/java.util.concurrent.ThreadPoolExecutor.runWorker(ThreadPoolExecutor.java:1144)
at java.base/java.util.concurrent.ThreadPoolExecutor$Worker.run(ThreadPoolExecutor.java:642)
at java.base/java.lang.Thread.run(Thread.java:1583)
... Removed 12 stack frames]]>
    </failure>
  </testcase> <!-- @BeforeTest setup -->
  <testcase classname="com.ePRIME.TestScripts.SampleRun" name="verifyTitle" time="0.021"/>
  <testcase classname="com.ePRIME.TestScripts.SampleRun" name="verifyUrl" time="0.012"/>
  <testcase classname="com.ePRIME.TestScripts.SampleRun" name="verifyLogin" time="1.155"/>
</testsuite> <!-- Test3 -->
