<?xml version="1.0" encoding="UTF-8"?>
<!-- Generated by org.testng.reporters.JUnitReportReporter -->
<testsuite hostname="DESKTOP-IRSR8MK" failures="0" tests="13" name="com.ePRIME.TestScripts.SampleRun" time="5.710" errors="1" timestamp="2025-08-22T17:24:43 IST" skipped="3">
  <testcase classname="com.ePRIME.TestScripts.SampleRun" name="setup" time="0.035">
    <error message="❌ Undefined Browser Setup: &#039;uc&#039;. Please check browser configuration..." type="java.lang.IllegalArgumentException">
      <![CDATA[java.lang.IllegalArgumentException: ❌ Undefined Browser Setup: 'uc'. Please check browser configuration...
at com.ePRIME.TestBase.BaseClass.setDriver(BaseClass.java:41)
at com.ePRIME.TestScripts.SampleRun.setup(SampleRun.java:20)
at java.base/jdk.internal.reflect.DirectMethodHandleAccessor.invoke(DirectMethodHandleAccessor.java:103)
at java.base/java.lang.reflect.Method.invoke(Method.java:580)
at org.testng.internal.invokers.MethodInvocationHelper.invokeMethod(MethodInvocationHelper.java:141)
at org.testng.internal.invokers.MethodInvocationHelper.invokeMethodConsideringTimeout(MethodInvocationHelper.java:71)
at org.testng.internal.invokers.ConfigInvoker.invokeConfigurationMethod(ConfigInvoker.java:400)
at org.testng.internal.invokers.ConfigInvoker.invokeConfigurations(ConfigInvoker.java:333)
at org.testng.TestRunner.invokeTestConfigurations(TestRunner.java:657)
at org.testng.TestRunner.beforeRun(TestRunner.java:646)
at org.testng.TestRunner.run(TestRunner.java:612)
at org.testng.SuiteRunner.runTest(SuiteRunner.java:421)
at org.testng.SuiteRunner$SuiteWorker.run(SuiteRunner.java:463)
at org.testng.internal.thread.ThreadUtil.lambda$execute$0(ThreadUtil.java:64)
at java.base/java.util.concurrent.FutureTask.run(FutureTask.java:317)
at java.base/java.util.concurrent.ThreadPoolExecutor.runWorker(ThreadPoolExecutor.java:1144)
at java.base/java.util.concurrent.ThreadPoolExecutor$Worker.run(ThreadPoolExecutor.java:642)
at java.base/java.lang.Thread.run(Thread.java:1583)
]]>
    </error>
  </testcase> <!-- setup -->
  <testcase classname="com.ePRIME.TestScripts.SampleRun" name="verifyTitle" time="0.000">
    <skipped/>
  </testcase> <!-- verifyTitle -->
  <testcase classname="com.ePRIME.TestScripts.SampleRun" name="verifyTitle" time="0.021"/>
  <testcase classname="com.ePRIME.TestScripts.SampleRun" name="verifyTitle" time="0.072"/>
  <testcase classname="com.ePRIME.TestScripts.SampleRun" name="verifyTitle" time="0.034"/>
  <testcase classname="com.ePRIME.TestScripts.SampleRun" name="verifyUrl" time="0.045"/>
  <testcase classname="com.ePRIME.TestScripts.SampleRun" name="verifyUrl" time="0.027"/>
  <testcase classname="com.ePRIME.TestScripts.SampleRun" name="verifyUrl" time="0.012"/>
  <testcase classname="com.ePRIME.TestScripts.SampleRun" name="verifyUrl" time="0.001">
    <skipped/>
  </testcase> <!-- verifyUrl -->
  <testcase classname="com.ePRIME.TestScripts.SampleRun" name="verifyLogin" time="1.155"/>
  <testcase classname="com.ePRIME.TestScripts.SampleRun" name="verifyLogin" time="2.020"/>
  <testcase classname="com.ePRIME.TestScripts.SampleRun" name="verifyLogin" time="0.001">
    <skipped/>
  </testcase> <!-- verifyLogin -->
  <testcase classname="com.ePRIME.TestScripts.SampleRun" name="verifyLogin" time="2.287"/>
</testsuite> <!-- com.ePRIME.TestScripts.SampleRun -->
